<?xml version="1.0" encoding="UTF-8"?>
<testng-results skipped="0" failed="0" total="1" passed="1">
  <reporter-output>
  </reporter-output>
  <suite name="Default suite" duration-ms="36072" started-at="2016-12-21T18:13:45Z" finished-at="2016-12-21T18:14:21Z">
    <groups>
    </groups>
    <test name="Default test" duration-ms="36072" started-at="2016-12-21T18:13:45Z" finished-at="2016-12-21T18:14:21Z">
      <class name="com.selenium.test.google">
        <test-method status="PASS" signature="test()[pri:0, instance:com.selenium.test.google@6a41eaa2]" name="test" duration-ms="36057" started-at="2016-12-21T23:43:45Z" finished-at="2016-12-21T23:44:21Z">
          <reporter-output>
          </reporter-output>
        </test-method> <!-- test -->
      </class> <!-- com.selenium.test.google -->
    </test> <!-- Default test -->
  </suite> <!-- Default suite -->
</testng-results>
