<?xml version="1.0" encoding="UTF-8"?>
<testng-results skipped="0" failed="0" total="1" passed="1">
  <reporter-output>
  </reporter-output>
  <suite name="Default suite" duration-ms="58427" started-at="2016-12-19T17:33:30Z" finished-at="2016-12-19T17:34:28Z">
    <groups>
    </groups>
    <test name="Default test" duration-ms="58427" started-at="2016-12-19T17:33:30Z" finished-at="2016-12-19T17:34:28Z">
      <class name="com.qa.wordpress.WordPressLogin">
        <test-method status="PASS" signature="login()[pri:0, instance:com.qa.wordpress.WordPressLogin@42d80b78]" name="login" duration-ms="58400" started-at="2016-12-19T23:03:30Z" finished-at="2016-12-19T23:04:28Z">
          <reporter-output>
          </reporter-output>
        </test-method> <!-- login -->
      </class> <!-- com.qa.wordpress.WordPressLogin -->
    </test> <!-- Default test -->
  </suite> <!-- Default suite -->
</testng-results>
